[LOG] System::create                           : Header version = 2.01.04. Current version = 2.01.04.
[LOG] Manager::init                            : maxchannels = 256 studioflags = 00000006 flags 00000000 extradriverdata 0000000000000000.
[LOG] SystemI::init                            : Initialize version=20104 (111454), maxchannels=256, flags=0x00020000
[LOG] SystemI::setOutputInternal               : Setting output to 'FMOD WASAPI Output'
[LOG] OutputWASAPI::init                       : Mix Format (WAVEFORMATEX): wFormatTag=0xFFFE, nChannels=2, nSamplesPerSec=44100, nAvgBytesPerSec=352800, nBlockAlign=8, wBitsPerSample=32, cbSize=22.
[LOG] OutputWASAPI::init                       : Mix Format (WAVEFORMATEXTENSIBLE): wValidBitsPerSample=32, dwChannelMask=0x00000003, SubFormat=00000003-0000-0010-8000-00AA00389B71.
[LOG] OutputWASAPI::init                       : Output buffer size: 3760 samples, latency: 0.00ms, period: 10.00ms, DSP buffer: 1024 * 4
[WRN] SystemI::init                            : Output requires a sample rate of 44100Hz, resampling will occur.
[LOG] Thread::initThread                       : Init FMOD stream thread. Affinity: 0x8000000000000003, Priority: 0xFFFF7FFB, Stack Size: 98304, Semaphore: No, Sleep Time: 10, Looping: Yes.
[LOG] Thread::initThread                       : Init FMOD mixer thread. Affinity: 0x8000000000000001, Priority: 0xFFFF7FFA, Stack Size: 81920, Semaphore: No, Sleep Time: 0, Looping: Yes.
[LOG] AsyncManager::init                       : manager 00000208B10A1738 isAsync 0 updatePeriod 0.02
[LOG] AsyncManager::init                       : done
[LOG] PlaybackSystem::init                     : 
[LOG] Thread::initThread                       : Init FMOD Studio sample load thread. Affinity: 0x8000000000000003, Priority: 0xFFFF7FFD, Stack Size: 98304, Semaphore: No, Sleep Time: 1, Looping: No.
[LOG] PlaybackSystem::init                     : done
[LOG] Thread::initThread                       : Init FMOD Studio bank load thread. Affinity: 0x8000000000000003, Priority: 0xFFFF7FFD, Stack Size: 98304, Semaphore: No, Sleep Time: 1, Looping: No.
[LOG] Manager::init                            : done.
[LOG] Manager::readBank                        : fileversion = 135, compatVersion = 132 (oldest = 44, newest = 135)
[LOG] PlaybackSystem::acquireMasterBus         : Setting master channel group format to 6
[LOG] SystemI::createSoundInternal             : Create name='', mode=0x02000202
[LOG] SystemI::createSoundInternal             : exinfo->cbsize             = 224
[LOG] SystemI::createSoundInternal             : exinfo->length             = 23808
[LOG] SystemI::createSoundInternal             : exinfo->fileoffset         = 3520
[LOG] SystemI::createSoundInternal             : exinfo->numsubsounds       = 1
[LOG] SystemI::createSoundInternal             : exinfo->inclusionlist      = 0000009796CFEE68
[LOG] SystemI::createSoundInternal             : exinfo->inclusionlistnum   = 1
[LOG] SystemI::createSoundInternal             : exinfo->suggestedsoundtype = 5
[LOG] SystemI::createSoundInternal             : exinfo->useropen           = 00007FFC4C597DE0
[LOG] SystemI::createSoundInternal             : exinfo->userclose          = 00007FFC4C597DB0
[LOG] SystemI::createSoundInternal             : exinfo->userread           = 00007FFC4C597EB0
[LOG] SystemI::createSoundInternal             : exinfo->userseek           = 00007FFC4C597F70
[LOG] SystemI::createSoundInternal             : exinfo->fileuserdata       = 000002084A63E858
[LOG] SystemI::createSoundInternal             : exinfo->initialseekpostype = 1
[LOG] SystemI::DSPCodecPoolRegister            : register codec pool for pool type 5
[LOG] SystemI::createSoundInternal             : Sample 0/1: name='hurt', format=5, channels=2, frequency=48000, lengthbytes=4608, lengthpcm=17997, pcmblocksize=0, loopstart=0, loopend=0, mode=0x00000000, channelmask=0x00000000, channelorder=0, peakvolume=0.201263.
[LOG] SystemI::createSoundInternal             : Create name='', mode=0x02000202
[LOG] SystemI::createSoundInternal             : exinfo->cbsize             = 224
[LOG] SystemI::createSoundInternal             : exinfo->length             = 23808
[LOG] SystemI::createSoundInternal             : exinfo->fileoffset         = 3520
[LOG] SystemI::createSoundInternal             : exinfo->numsubsounds       = 1
[LOG] SystemI::createSoundInternal             : exinfo->inclusionlist      = 0000009796CFEE68
[LOG] SystemI::createSoundInternal             : exinfo->inclusionlistnum   = 1
[LOG] SystemI::createSoundInternal             : exinfo->suggestedsoundtype = 5
[LOG] SystemI::createSoundInternal             : exinfo->useropen           = 00007FFC4C597DE0
[LOG] SystemI::createSoundInternal             : exinfo->userclose          = 00007FFC4C597DB0
[LOG] SystemI::createSoundInternal             : exinfo->userread           = 00007FFC4C597EB0
[LOG] SystemI::createSoundInternal             : exinfo->userseek           = 00007FFC4C597F70
[LOG] SystemI::createSoundInternal             : exinfo->fileuserdata       = 000002084A63E858
[LOG] SystemI::createSoundInternal             : exinfo->initialseekpostype = 1
[LOG] SystemI::DSPCodecPoolRegister            : register codec pool for pool type 5
[LOG] SystemI::createSoundInternal             : Sample 0/1: name='sad', format=5, channels=2, frequency=48000, lengthbytes=5760, lengthpcm=21694, pcmblocksize=0, loopstart=0, loopend=0, mode=0x00000000, channelmask=0x00000000, channelorder=0, peakvolume=0.244843.
[LOG] SystemI::createSoundInternal             : Create name='', mode=0x02000202
[LOG] SystemI::createSoundInternal             : exinfo->cbsize             = 224
[LOG] SystemI::createSoundInternal             : exinfo->length             = 23808
[LOG] SystemI::createSoundInternal             : exinfo->fileoffset         = 3520
[LOG] SystemI::createSoundInternal             : exinfo->numsubsounds       = 1
[LOG] SystemI::createSoundInternal             : exinfo->inclusionlist      = 0000009796CFEE68
[LOG] SystemI::createSoundInternal             : exinfo->inclusionlistnum   = 1
[LOG] SystemI::createSoundInternal             : exinfo->suggestedsoundtype = 5
[LOG] SystemI::createSoundInternal             : exinfo->useropen           = 00007FFC4C597DE0
[LOG] SystemI::createSoundInternal             : exinfo->userclose          = 00007FFC4C597DB0
[LOG] SystemI::createSoundInternal             : exinfo->userread           = 00007FFC4C597EB0
[LOG] SystemI::createSoundInternal             : exinfo->userseek           = 00007FFC4C597F70
[LOG] SystemI::createSoundInternal             : exinfo->fileuserdata       = 000002084A63E858
[LOG] SystemI::createSoundInternal             : exinfo->initialseekpostype = 1
[LOG] SystemI::DSPCodecPoolRegister            : register codec pool for pool type 5
[LOG] SystemI::createSoundInternal             : Sample 0/1: name='woohoo_2', format=5, channels=2, frequency=48000, lengthbytes=13248, lengthpcm=53542, pcmblocksize=0, loopstart=0, loopend=0, mode=0x00000000, channelmask=0x00000000, channelorder=0, peakvolume=0.214508.
[LOG] SoundI::release                          :  (0000020903FDBFF8)
[LOG] SoundI::release                          :     woohoo_2 (000002084A6D9CE8)
[LOG] SoundI::release                          :  (0000020903FDB478)
[LOG] SoundI::release                          :     sad (00000208AD4D68A8)
[LOG] SoundI::release                          :  (0000020903FDBE88)
[LOG] SoundI::release                          :     hurt (00000208AD4D6A48)
[LOG] Manager::readBank                        : fileversion = 135, compatVersion = 132 (oldest = 44, newest = 135)
[LOG] PlaybackSystem::acquireMasterBus         : Setting master channel group format to 6
[LOG] SystemI::createSoundInternal             : Create name='', mode=0x02000202
[LOG] SystemI::createSoundInternal             : exinfo->cbsize             = 224
[LOG] SystemI::createSoundInternal             : exinfo->length             = 23808
[LOG] SystemI::createSoundInternal             : exinfo->fileoffset         = 3520
[LOG] SystemI::createSoundInternal             : exinfo->numsubsounds       = 1
[LOG] SystemI::createSoundInternal             : exinfo->inclusionlist      = 0000009796CFEE68
[LOG] SystemI::createSoundInternal             : exinfo->inclusionlistnum   = 1
[LOG] SystemI::createSoundInternal             : exinfo->suggestedsoundtype = 5
[LOG] SystemI::createSoundInternal             : exinfo->useropen           = 00007FFC4C597DE0
[LOG] SystemI::createSoundInternal             : exinfo->userclose          = 00007FFC4C597DB0
[LOG] SystemI::createSoundInternal             : exinfo->userread           = 00007FFC4C597EB0
[LOG] SystemI::createSoundInternal             : exinfo->userseek           = 00007FFC4C597F70
[LOG] SystemI::createSoundInternal             : exinfo->fileuserdata       = 000002084A63E858
[LOG] SystemI::createSoundInternal             : exinfo->initialseekpostype = 1
[LOG] SystemI::DSPCodecPoolRegister            : register codec pool for pool type 5
[LOG] SystemI::createSoundInternal             : Sample 0/1: name='hurt', format=5, channels=2, frequency=48000, lengthbytes=4608, lengthpcm=17997, pcmblocksize=0, loopstart=0, loopend=0, mode=0x00000000, channelmask=0x00000000, channelorder=0, peakvolume=0.201263.
[LOG] SystemI::createSoundInternal             : Create name='', mode=0x02000202
[LOG] SystemI::createSoundInternal             : exinfo->cbsize             = 224
[LOG] SystemI::createSoundInternal             : exinfo->length             = 23808
[LOG] SystemI::createSoundInternal             : exinfo->fileoffset         = 3520
[LOG] SystemI::createSoundInternal             : exinfo->numsubsounds       = 1
[LOG] SystemI::createSoundInternal             : exinfo->inclusionlist      = 0000009796CFEE68
[LOG] SystemI::createSoundInternal             : exinfo->inclusionlistnum   = 1
[LOG] SystemI::createSoundInternal             : exinfo->suggestedsoundtype = 5
[LOG] SystemI::createSoundInternal             : exinfo->useropen           = 00007FFC4C597DE0
[LOG] SystemI::createSoundInternal             : exinfo->userclose          = 00007FFC4C597DB0
[LOG] SystemI::createSoundInternal             : exinfo->userread           = 00007FFC4C597EB0
[LOG] SystemI::createSoundInternal             : exinfo->userseek           = 00007FFC4C597F70
[LOG] SystemI::createSoundInternal             : exinfo->fileuserdata       = 000002084A63E858
[LOG] SystemI::createSoundInternal             : exinfo->initialseekpostype = 1
[LOG] SystemI::DSPCodecPoolRegister            : register codec pool for pool type 5
[LOG] SystemI::createSoundInternal             : Sample 0/1: name='sad', format=5, channels=2, frequency=48000, lengthbytes=5760, lengthpcm=21694, pcmblocksize=0, loopstart=0, loopend=0, mode=0x00000000, channelmask=0x00000000, channelorder=0, peakvolume=0.244843.
[LOG] SystemI::createSoundInternal             : Create name='', mode=0x02000202
[LOG] SystemI::createSoundInternal             : exinfo->cbsize             = 224
[LOG] SystemI::createSoundInternal             : exinfo->length             = 23808
[LOG] SystemI::createSoundInternal             : exinfo->fileoffset         = 3520
[LOG] SystemI::createSoundInternal             : exinfo->numsubsounds       = 1
[LOG] SystemI::createSoundInternal             : exinfo->inclusionlist      = 0000009796CFEE68
[LOG] SystemI::createSoundInternal             : exinfo->inclusionlistnum   = 1
[LOG] SystemI::createSoundInternal             : exinfo->suggestedsoundtype = 5
[LOG] SystemI::createSoundInternal             : exinfo->useropen           = 00007FFC4C597DE0
[LOG] SystemI::createSoundInternal             : exinfo->userclose          = 00007FFC4C597DB0
[LOG] SystemI::createSoundInternal             : exinfo->userread           = 00007FFC4C597EB0
[LOG] SystemI::createSoundInternal             : exinfo->userseek           = 00007FFC4C597F70
[LOG] SystemI::createSoundInternal             : exinfo->fileuserdata       = 000002084A63E858
[LOG] SystemI::createSoundInternal             : exinfo->initialseekpostype = 1
[LOG] SystemI::DSPCodecPoolRegister            : register codec pool for pool type 5
[LOG] SystemI::createSoundInternal             : Sample 0/1: name='woohoo_2', format=5, channels=2, frequency=48000, lengthbytes=13248, lengthpcm=53542, pcmblocksize=0, loopstart=0, loopend=0, mode=0x00000000, channelmask=0x00000000, channelorder=0, peakvolume=0.214508.
[LOG] SoundI::release                          :  (0000020903FDBBA8)
[LOG] SoundI::release                          :     woohoo_2 (000002090400D928)
[LOG] SoundI::release                          :  (0000020903FDB758)
[LOG] SoundI::release                          :     sad (00000208AD4D6A48)
[LOG] SoundI::release                          :  (0000020903FDBA38)
[LOG] SoundI::release                          :     hurt (00000208AD4D68A8)
[LOG] Manager::readBank                        : fileversion = 135, compatVersion = 132 (oldest = 44, newest = 135)
[LOG] PlaybackSystem::acquireMasterBus         : Setting master channel group format to 6
[LOG] SystemI::createSoundInternal             : Create name='', mode=0x02000202
[LOG] SystemI::createSoundInternal             : exinfo->cbsize             = 224
[LOG] SystemI::createSoundInternal             : exinfo->length             = 23808
[LOG] SystemI::createSoundInternal             : exinfo->fileoffset         = 3520
[LOG] SystemI::createSoundInternal             : exinfo->numsubsounds       = 1
[LOG] SystemI::createSoundInternal             : exinfo->inclusionlist      = 0000009796CFEE68
[LOG] SystemI::createSoundInternal             : exinfo->inclusionlistnum   = 1
[LOG] SystemI::createSoundInternal             : exinfo->suggestedsoundtype = 5
[LOG] SystemI::createSoundInternal             : exinfo->useropen           = 00007FFC4C597DE0
[LOG] SystemI::createSoundInternal             : exinfo->userclose          = 00007FFC4C597DB0
[LOG] SystemI::createSoundInternal             : exinfo->userread           = 00007FFC4C597EB0
[LOG] SystemI::createSoundInternal             : exinfo->userseek           = 00007FFC4C597F70
[LOG] SystemI::createSoundInternal             : exinfo->fileuserdata       = 000002084A63E858
[LOG] SystemI::createSoundInternal             : exinfo->initialseekpostype = 1
[LOG] SystemI::DSPCodecPoolRegister            : register codec pool for pool type 5
[LOG] SystemI::createSoundInternal             : Sample 0/1: name='hurt', format=5, channels=2, frequency=48000, lengthbytes=4608, lengthpcm=17997, pcmblocksize=0, loopstart=0, loopend=0, mode=0x00000000, channelmask=0x00000000, channelorder=0, peakvolume=0.201263.
[LOG] SystemI::createSoundInternal             : Create name='', mode=0x02000202
[LOG] SystemI::createSoundInternal             : exinfo->cbsize             = 224
[LOG] SystemI::createSoundInternal             : exinfo->length             = 23808
[LOG] SystemI::createSoundInternal             : exinfo->fileoffset         = 3520
[LOG] SystemI::createSoundInternal             : exinfo->numsubsounds       = 1
[LOG] SystemI::createSoundInternal             : exinfo->inclusionlist      = 0000009796CFEE68
[LOG] SystemI::createSoundInternal             : exinfo->inclusionlistnum   = 1
[LOG] SystemI::createSoundInternal             : exinfo->suggestedsoundtype = 5
[LOG] SystemI::createSoundInternal             : exinfo->useropen           = 00007FFC4C597DE0
[LOG] SystemI::createSoundInternal             : exinfo->userclose          = 00007FFC4C597DB0
[LOG] SystemI::createSoundInternal             : exinfo->userread           = 00007FFC4C597EB0
[LOG] SystemI::createSoundInternal             : exinfo->userseek           = 00007FFC4C597F70
[LOG] SystemI::createSoundInternal             : exinfo->fileuserdata       = 000002084A63E858
[LOG] SystemI::createSoundInternal             : exinfo->initialseekpostype = 1
[LOG] SystemI::DSPCodecPoolRegister            : register codec pool for pool type 5
[LOG] SystemI::createSoundInternal             : Sample 0/1: name='sad', format=5, channels=2, frequency=48000, lengthbytes=5760, lengthpcm=21694, pcmblocksize=0, loopstart=0, loopend=0, mode=0x00000000, channelmask=0x00000000, channelorder=0, peakvolume=0.244843.
[LOG] SystemI::createSoundInternal             : Create name='', mode=0x02000202
[LOG] SystemI::createSoundInternal             : exinfo->cbsize             = 224
[LOG] SystemI::createSoundInternal             : exinfo->length             = 23808
[LOG] SystemI::createSoundInternal             : exinfo->fileoffset         = 3520
[LOG] SystemI::createSoundInternal             : exinfo->numsubsounds       = 1
[LOG] SystemI::createSoundInternal             : exinfo->inclusionlist      = 0000009796CFEE68
[LOG] SystemI::createSoundInternal             : exinfo->inclusionlistnum   = 1
[LOG] SystemI::createSoundInternal             : exinfo->suggestedsoundtype = 5
[LOG] SystemI::createSoundInternal             : exinfo->useropen           = 00007FFC4C597DE0
[LOG] SystemI::createSoundInternal             : exinfo->userclose          = 00007FFC4C597DB0
[LOG] SystemI::createSoundInternal             : exinfo->userread           = 00007FFC4C597EB0
[LOG] SystemI::createSoundInternal             : exinfo->userseek           = 00007FFC4C597F70
[LOG] SystemI::createSoundInternal             : exinfo->fileuserdata       = 000002084A63E858
[LOG] SystemI::createSoundInternal             : exinfo->initialseekpostype = 1
[LOG] SystemI::DSPCodecPoolRegister            : register codec pool for pool type 5
[LOG] SystemI::createSoundInternal             : Sample 0/1: name='woohoo_2', format=5, channels=2, frequency=48000, lengthbytes=13248, lengthpcm=53542, pcmblocksize=0, loopstart=0, loopend=0, mode=0x00000000, channelmask=0x00000000, channelorder=0, peakvolume=0.214508.
[LOG] SoundI::release                          :  (0000020903FDBFF8)
[LOG] SoundI::release                          :     woohoo_2 (000002084A6DA848)
[LOG] SoundI::release                          :  (0000020903FDB758)
[LOG] SoundI::release                          :     sad (00000208AD4D68A8)
[LOG] SoundI::release                          :  (0000020903FDBE88)
[LOG] SoundI::release                          :     hurt (00000208AD4D6A48)
[LOG] Manager::readBank                        : fileversion = 135, compatVersion = 132 (oldest = 44, newest = 135)
[LOG] PlaybackSystem::acquireMasterBus         : Setting master channel group format to 6
[LOG] SystemI::createSoundInternal             : Create name='', mode=0x02000202
[LOG] SystemI::createSoundInternal             : exinfo->cbsize             = 224
[LOG] SystemI::createSoundInternal             : exinfo->length             = 23808
[LOG] SystemI::createSoundInternal             : exinfo->fileoffset         = 3520
[LOG] SystemI::createSoundInternal             : exinfo->numsubsounds       = 1
[LOG] SystemI::createSoundInternal             : exinfo->inclusionlist      = 0000009796CFEE68
[LOG] SystemI::createSoundInternal             : exinfo->inclusionlistnum   = 1
[LOG] SystemI::createSoundInternal             : exinfo->suggestedsoundtype = 5
[LOG] SystemI::createSoundInternal             : exinfo->useropen           = 00007FFC4C597DE0
[LOG] SystemI::createSoundInternal             : exinfo->userclose          = 00007FFC4C597DB0
[LOG] SystemI::createSoundInternal             : exinfo->userread           = 00007FFC4C597EB0
[LOG] SystemI::createSoundInternal             : exinfo->userseek           = 00007FFC4C597F70
[LOG] SystemI::createSoundInternal             : exinfo->fileuserdata       = 000002084A63E858
[LOG] SystemI::createSoundInternal             : exinfo->initialseekpostype = 1
[LOG] SystemI::DSPCodecPoolRegister            : register codec pool for pool type 5
[LOG] SystemI::createSoundInternal             : Sample 0/1: name='hurt', format=5, channels=2, frequency=48000, lengthbytes=4608, lengthpcm=17997, pcmblocksize=0, loopstart=0, loopend=0, mode=0x00000000, channelmask=0x00000000, channelorder=0, peakvolume=0.201263.
[LOG] SystemI::createSoundInternal             : Create name='', mode=0x02000202
[LOG] SystemI::createSoundInternal             : exinfo->cbsize             = 224
[LOG] SystemI::createSoundInternal             : exinfo->length             = 23808
[LOG] SystemI::createSoundInternal             : exinfo->fileoffset         = 3520
[LOG] SystemI::createSoundInternal             : exinfo->numsubsounds       = 1
[LOG] SystemI::createSoundInternal             : exinfo->inclusionlist      = 0000009796CFEE68
[LOG] SystemI::createSoundInternal             : exinfo->inclusionlistnum   = 1
[LOG] SystemI::createSoundInternal             : exinfo->suggestedsoundtype = 5
[LOG] SystemI::createSoundInternal             : exinfo->useropen           = 00007FFC4C597DE0
[LOG] SystemI::createSoundInternal             : exinfo->userclose          = 00007FFC4C597DB0
[LOG] SystemI::createSoundInternal             : exinfo->userread           = 00007FFC4C597EB0
[LOG] SystemI::createSoundInternal             : exinfo->userseek           = 00007FFC4C597F70
[LOG] SystemI::createSoundInternal             : exinfo->fileuserdata       = 000002084A63E858
[LOG] SystemI::createSoundInternal             : exinfo->initialseekpostype = 1
[LOG] SystemI::DSPCodecPoolRegister            : register codec pool for pool type 5
[LOG] SystemI::createSoundInternal             : Sample 0/1: name='sad', format=5, channels=2, frequency=48000, lengthbytes=5760, lengthpcm=21694, pcmblocksize=0, loopstart=0, loopend=0, mode=0x00000000, channelmask=0x00000000, channelorder=0, peakvolume=0.244843.
[LOG] SystemI::createSoundInternal             : Create name='', mode=0x02000202
[LOG] SystemI::createSoundInternal             : exinfo->cbsize             = 224
[LOG] SystemI::createSoundInternal             : exinfo->length             = 23808
[LOG] SystemI::createSoundInternal             : exinfo->fileoffset         = 3520
[LOG] SystemI::createSoundInternal             : exinfo->numsubsounds       = 1
[LOG] SystemI::createSoundInternal             : exinfo->inclusionlist      = 0000009796CFEE68
[LOG] SystemI::createSoundInternal             : exinfo->inclusionlistnum   = 1
[LOG] SystemI::createSoundInternal             : exinfo->suggestedsoundtype = 5
[LOG] SystemI::createSoundInternal             : exinfo->useropen           = 00007FFC4C597DE0
[LOG] SystemI::createSoundInternal             : exinfo->userclose          = 00007FFC4C597DB0
[LOG] SystemI::createSoundInternal             : exinfo->userread           = 00007FFC4C597EB0
[LOG] SystemI::createSoundInternal             : exinfo->userseek           = 00007FFC4C597F70
[LOG] SystemI::createSoundInternal             : exinfo->fileuserdata       = 000002084A63E858
[LOG] SystemI::createSoundInternal             : exinfo->initialseekpostype = 1
[LOG] SystemI::DSPCodecPoolRegister            : register codec pool for pool type 5
[LOG] SystemI::createSoundInternal             : Sample 0/1: name='woohoo_2', format=5, channels=2, frequency=48000, lengthbytes=13248, lengthpcm=53542, pcmblocksize=0, loopstart=0, loopend=0, mode=0x00000000, channelmask=0x00000000, channelorder=0, peakvolume=0.214508.
[LOG] SoundI::release                          :  (0000020903FDBFF8)
[LOG] SoundI::release                          :     woohoo_2 (000002090400D788)
[LOG] SoundI::release                          :  (0000020903FDB758)
[LOG] SoundI::release                          :     sad (00000208AD4D68A8)
[LOG] SoundI::release                          :  (0000020903FDB478)
[LOG] SoundI::release                          :     hurt (00000208AD4D6A48)
